<?xml version="1.0" encoding="UTF-8"?>
<testsuite xmlns:xsi="http://www.w3.org/2001/XMLSchema-instance" xsi:noNamespaceSchemaLocation="https://maven.apache.org/surefire/maven-surefire-plugin/xsd/surefire-test-report.xsd" name="TestSuite" time="1.386" tests="1" errors="0" skipped="0" failures="0">
  <properties>
    <property name="sun.desktop" value="windows"/>
    <property name="awt.toolkit" value="sun.awt.windows.WToolkit"/>
    <property name="file.encoding.pkg" value="sun.io"/>
    <property name="java.specification.version" value="1.8"/>
    <property name="sun.cpu.isalist" value="amd64"/>
    <property name="sun.jnu.encoding" value="Cp1252"/>
    <property name="java.class.path" value="D:\Software\Selenium\Neon_work_space\MobileAutomation\target\test-classes;D:\Software\Selenium\Neon_work_space\MobileAutomation\target\classes;C:\Users\cchauhan\.m2\repository\io\appium\java-client\5.0.4\java-client-5.0.4.jar;C:\Users\cchauhan\.m2\repository\org\seleniumhq\selenium\selenium-support\3.6.0\selenium-support-3.6.0.jar;C:\Users\cchauhan\.m2\repository\net\java\dev\jna\jna\4.1.0\jna-4.1.0.jar;C:\Users\cchauhan\.m2\repository\net\java\dev\jna\jna-platform\4.1.0\jna-platform-4.1.0.jar;C:\Users\cchauhan\.m2\repository\org\seleniumhq\selenium\selenium-api\3.6.0\selenium-api-3.6.0.jar;C:\Users\cchauhan\.m2\repository\org\apache\httpcomponents\httpclient\4.5.3\httpclient-4.5.3.jar;C:\Users\cchauhan\.m2\repository\cglib\cglib\3.2.5\cglib-3.2.5.jar;C:\Users\cchauhan\.m2\repository\org\ow2\asm\asm\5.2\asm-5.2.jar;C:\Users\cchauhan\.m2\repository\org\apache\ant\ant\1.9.6\ant-1.9.6.jar;C:\Users\cchauhan\.m2\repository\org\apache\ant\ant-launcher\1.9.6\ant-launcher-1.9.6.jar;C:\Users\cchauhan\.m2\repository\commons-validator\commons-validator\1.6\commons-validator-1.6.jar;C:\Users\cchauhan\.m2\repository\commons-beanutils\commons-beanutils\1.9.2\commons-beanutils-1.9.2.jar;C:\Users\cchauhan\.m2\repository\commons-digester\commons-digester\1.8.1\commons-digester-1.8.1.jar;C:\Users\cchauhan\.m2\repository\commons-collections\commons-collections\3.2.2\commons-collections-3.2.2.jar;C:\Users\cchauhan\.m2\repository\org\apache\commons\commons-lang3\3.6\commons-lang3-3.6.jar;C:\Users\cchauhan\.m2\repository\org\springframework\spring-context\5.0.0.RELEASE\spring-context-5.0.0.RELEASE.jar;C:\Users\cchauhan\.m2\repository\org\springframework\spring-aop\5.0.0.RELEASE\spring-aop-5.0.0.RELEASE.jar;C:\Users\cchauhan\.m2\repository\org\springframework\spring-beans\5.0.0.RELEASE\spring-beans-5.0.0.RELEASE.jar;C:\Users\cchauhan\.m2\repository\org\springframework\spring-core\5.0.0.RELEASE\spring-core-5.0.0.RELEASE.jar;C:\Users\cchauhan\.m2\repository\org\springframework\spring-jcl\5.0.0.RELEASE\spring-jcl-5.0.0.RELEASE.jar;C:\Users\cchauhan\.m2\repository\org\springframework\spring-expression\5.0.0.RELEASE\spring-expression-5.0.0.RELEASE.jar;C:\Users\cchauhan\.m2\repository\org\aspectj\aspectjweaver\1.8.11\aspectjweaver-1.8.11.jar;C:\Users\cchauhan\.m2\repository\org\openpnp\opencv\3.2.0-1\opencv-3.2.0-1.jar;C:\Users\cchauhan\.m2\repository\com\google\code\gson\gson\2.8.6\gson-2.8.6.jar;C:\Users\cchauhan\.m2\repository\org\seleniumhq\selenium\selenium-java\3.9.0\selenium-java-3.9.0.jar;C:\Users\cchauhan\.m2\repository\org\seleniumhq\selenium\selenium-chrome-driver\3.9.0\selenium-chrome-driver-3.9.0.jar;C:\Users\cchauhan\.m2\repository\org\seleniumhq\selenium\selenium-edge-driver\3.9.0\selenium-edge-driver-3.9.0.jar;C:\Users\cchauhan\.m2\repository\org\seleniumhq\selenium\selenium-firefox-driver\3.9.0\selenium-firefox-driver-3.9.0.jar;C:\Users\cchauhan\.m2\repository\org\seleniumhq\selenium\selenium-ie-driver\3.9.0\selenium-ie-driver-3.9.0.jar;C:\Users\cchauhan\.m2\repository\org\seleniumhq\selenium\selenium-opera-driver\3.9.0\selenium-opera-driver-3.9.0.jar;C:\Users\cchauhan\.m2\repository\org\seleniumhq\selenium\selenium-remote-driver\3.9.0\selenium-remote-driver-3.9.0.jar;C:\Users\cchauhan\.m2\repository\org\seleniumhq\selenium\selenium-safari-driver\3.9.0\selenium-safari-driver-3.9.0.jar;C:\Users\cchauhan\.m2\repository\net\bytebuddy\byte-buddy\1.7.9\byte-buddy-1.7.9.jar;C:\Users\cchauhan\.m2\repository\org\apache\commons\commons-exec\1.3\commons-exec-1.3.jar;C:\Users\cchauhan\.m2\repository\commons-codec\commons-codec\1.10\commons-codec-1.10.jar;C:\Users\cchauhan\.m2\repository\commons-logging\commons-logging\1.2\commons-logging-1.2.jar;C:\Users\cchauhan\.m2\repository\com\google\guava\guava\23.6-jre\guava-23.6-jre.jar;C:\Users\cchauhan\.m2\repository\com\google\code\findbugs\jsr305\1.3.9\jsr305-1.3.9.jar;C:\Users\cchauhan\.m2\repository\org\checkerframework\checker-compat-qual\2.0.0\checker-compat-qual-2.0.0.jar;C:\Users\cchauhan\.m2\repository\com\google\errorprone\error_prone_annotations\2.1.3\error_prone_annotations-2.1.3.jar;C:\Users\cchauhan\.m2\repository\com\google\j2objc\j2objc-annotations\1.1\j2objc-annotations-1.1.jar;C:\Users\cchauhan\.m2\repository\org\codehaus\mojo\animal-sniffer-annotations\1.14\animal-sniffer-annotations-1.14.jar;C:\Users\cchauhan\.m2\repository\org\apache\httpcomponents\httpcore\4.4.6\httpcore-4.4.6.jar;C:\Users\cchauhan\.m2\repository\com\squareup\okhttp3\okhttp\3.9.1\okhttp-3.9.1.jar;C:\Users\cchauhan\.m2\repository\com\squareup\okio\okio\1.13.0\okio-1.13.0.jar;C:\Users\cchauhan\.m2\repository\org\testng\testng\6.14.3\testng-6.14.3.jar;C:\Users\cchauhan\.m2\repository\com\beust\jcommander\1.72\jcommander-1.72.jar;C:\Users\cchauhan\.m2\repository\org\apache-extras\beanshell\bsh\2.0b6\bsh-2.0b6.jar;C:\Users\cchauhan\.m2\repository\org\apache\poi\poi\4.1.2\poi-4.1.2.jar;C:\Users\cchauhan\.m2\repository\org\apache\commons\commons-collections4\4.4\commons-collections4-4.4.jar;C:\Users\cchauhan\.m2\repository\org\apache\commons\commons-math3\3.6.1\commons-math3-3.6.1.jar;C:\Users\cchauhan\.m2\repository\com\zaxxer\SparseBitSet\1.2\SparseBitSet-1.2.jar;C:\Users\cchauhan\.m2\repository\org\apache\poi\poi-ooxml\4.1.2\poi-ooxml-4.1.2.jar;C:\Users\cchauhan\.m2\repository\org\apache\poi\poi-ooxml-schemas\4.1.2\poi-ooxml-schemas-4.1.2.jar;C:\Users\cchauhan\.m2\repository\org\apache\xmlbeans\xmlbeans\3.1.0\xmlbeans-3.1.0.jar;C:\Users\cchauhan\.m2\repository\org\apache\commons\commons-compress\1.19\commons-compress-1.19.jar;C:\Users\cchauhan\.m2\repository\com\github\virtuald\curvesapi\1.06\curvesapi-1.06.jar;C:\Users\cchauhan\.m2\repository\log4j\log4j\1.2.17\log4j-1.2.17.jar;C:\Users\cchauhan\.m2\repository\commons-io\commons-io\2.6\commons-io-2.6.jar;C:\Users\cchauhan\.m2\repository\com\aventstack\extentreports\4.0.9\extentreports-4.0.9.jar;C:\Users\cchauhan\.m2\repository\org\freemarker\freemarker\2.3.23\freemarker-2.3.23.jar;C:\Users\cchauhan\.m2\repository\org\mongodb\mongodb-driver\3.3.0\mongodb-driver-3.3.0.jar;C:\Users\cchauhan\.m2\repository\org\mongodb\mongodb-driver-core\3.3.0\mongodb-driver-core-3.3.0.jar;C:\Users\cchauhan\.m2\repository\org\mongodb\bson\3.3.0\bson-3.3.0.jar;C:\Users\cchauhan\.m2\repository\org\apache\httpcomponents\httpmime\4.5.2\httpmime-4.5.2.jar;C:\Users\cchauhan\.m2\repository\org\apache\commons\commons-email\1.4\commons-email-1.4.jar;C:\Users\cchauhan\.m2\repository\com\sun\mail\javax.mail\1.5.2\javax.mail-1.5.2.jar;C:\Users\cchauhan\.m2\repository\javax\activation\activation\1.1.1\activation-1.1.1.jar;"/>
    <property name="java.vm.vendor" value="Oracle Corporation"/>
    <property name="sun.arch.data.model" value="64"/>
    <property name="user.variant" value=""/>
    <property name="java.vendor.url" value="http://java.oracle.com/"/>
    <property name="user.timezone" value="Asia/Calcutta"/>
    <property name="java.vm.specification.version" value="1.8"/>
    <property name="os.name" value="Windows 10"/>
    <property name="user.country" value="IN"/>
    <property name="sun.java.launcher" value="SUN_STANDARD"/>
    <property name="sun.boot.library.path" value="C:\Program Files\Java\jdk1.8.0_261\jre\bin"/>
    <property name="sun.java.command" value="C:\Users\cchauhan\AppData\Local\Temp\surefire2772239600277313104\surefirebooter4751706291909115993.jar C:\Users\cchauhan\AppData\Local\Temp\surefire2772239600277313104 2021-01-18T00-04-41_899-jvmRun1 surefire77460700511394198tmp surefire_08860945069260655960tmp"/>
    <property name="surefire.test.class.path" value="D:\Software\Selenium\Neon_work_space\MobileAutomation\target\test-classes;D:\Software\Selenium\Neon_work_space\MobileAutomation\target\classes;C:\Users\cchauhan\.m2\repository\io\appium\java-client\5.0.4\java-client-5.0.4.jar;C:\Users\cchauhan\.m2\repository\org\seleniumhq\selenium\selenium-support\3.6.0\selenium-support-3.6.0.jar;C:\Users\cchauhan\.m2\repository\net\java\dev\jna\jna\4.1.0\jna-4.1.0.jar;C:\Users\cchauhan\.m2\repository\net\java\dev\jna\jna-platform\4.1.0\jna-platform-4.1.0.jar;C:\Users\cchauhan\.m2\repository\org\seleniumhq\selenium\selenium-api\3.6.0\selenium-api-3.6.0.jar;C:\Users\cchauhan\.m2\repository\org\apache\httpcomponents\httpclient\4.5.3\httpclient-4.5.3.jar;C:\Users\cchauhan\.m2\repository\cglib\cglib\3.2.5\cglib-3.2.5.jar;C:\Users\cchauhan\.m2\repository\org\ow2\asm\asm\5.2\asm-5.2.jar;C:\Users\cchauhan\.m2\repository\org\apache\ant\ant\1.9.6\ant-1.9.6.jar;C:\Users\cchauhan\.m2\repository\org\apache\ant\ant-launcher\1.9.6\ant-launcher-1.9.6.jar;C:\Users\cchauhan\.m2\repository\commons-validator\commons-validator\1.6\commons-validator-1.6.jar;C:\Users\cchauhan\.m2\repository\commons-beanutils\commons-beanutils\1.9.2\commons-beanutils-1.9.2.jar;C:\Users\cchauhan\.m2\repository\commons-digester\commons-digester\1.8.1\commons-digester-1.8.1.jar;C:\Users\cchauhan\.m2\repository\commons-collections\commons-collections\3.2.2\commons-collections-3.2.2.jar;C:\Users\cchauhan\.m2\repository\org\apache\commons\commons-lang3\3.6\commons-lang3-3.6.jar;C:\Users\cchauhan\.m2\repository\org\springframework\spring-context\5.0.0.RELEASE\spring-context-5.0.0.RELEASE.jar;C:\Users\cchauhan\.m2\repository\org\springframework\spring-aop\5.0.0.RELEASE\spring-aop-5.0.0.RELEASE.jar;C:\Users\cchauhan\.m2\repository\org\springframework\spring-beans\5.0.0.RELEASE\spring-beans-5.0.0.RELEASE.jar;C:\Users\cchauhan\.m2\repository\org\springframework\spring-core\5.0.0.RELEASE\spring-core-5.0.0.RELEASE.jar;C:\Users\cchauhan\.m2\repository\org\springframework\spring-jcl\5.0.0.RELEASE\spring-jcl-5.0.0.RELEASE.jar;C:\Users\cchauhan\.m2\repository\org\springframework\spring-expression\5.0.0.RELEASE\spring-expression-5.0.0.RELEASE.jar;C:\Users\cchauhan\.m2\repository\org\aspectj\aspectjweaver\1.8.11\aspectjweaver-1.8.11.jar;C:\Users\cchauhan\.m2\repository\org\openpnp\opencv\3.2.0-1\opencv-3.2.0-1.jar;C:\Users\cchauhan\.m2\repository\com\google\code\gson\gson\2.8.6\gson-2.8.6.jar;C:\Users\cchauhan\.m2\repository\org\seleniumhq\selenium\selenium-java\3.9.0\selenium-java-3.9.0.jar;C:\Users\cchauhan\.m2\repository\org\seleniumhq\selenium\selenium-chrome-driver\3.9.0\selenium-chrome-driver-3.9.0.jar;C:\Users\cchauhan\.m2\repository\org\seleniumhq\selenium\selenium-edge-driver\3.9.0\selenium-edge-driver-3.9.0.jar;C:\Users\cchauhan\.m2\repository\org\seleniumhq\selenium\selenium-firefox-driver\3.9.0\selenium-firefox-driver-3.9.0.jar;C:\Users\cchauhan\.m2\repository\org\seleniumhq\selenium\selenium-ie-driver\3.9.0\selenium-ie-driver-3.9.0.jar;C:\Users\cchauhan\.m2\repository\org\seleniumhq\selenium\selenium-opera-driver\3.9.0\selenium-opera-driver-3.9.0.jar;C:\Users\cchauhan\.m2\repository\org\seleniumhq\selenium\selenium-remote-driver\3.9.0\selenium-remote-driver-3.9.0.jar;C:\Users\cchauhan\.m2\repository\org\seleniumhq\selenium\selenium-safari-driver\3.9.0\selenium-safari-driver-3.9.0.jar;C:\Users\cchauhan\.m2\repository\net\bytebuddy\byte-buddy\1.7.9\byte-buddy-1.7.9.jar;C:\Users\cchauhan\.m2\repository\org\apache\commons\commons-exec\1.3\commons-exec-1.3.jar;C:\Users\cchauhan\.m2\repository\commons-codec\commons-codec\1.10\commons-codec-1.10.jar;C:\Users\cchauhan\.m2\repository\commons-logging\commons-logging\1.2\commons-logging-1.2.jar;C:\Users\cchauhan\.m2\repository\com\google\guava\guava\23.6-jre\guava-23.6-jre.jar;C:\Users\cchauhan\.m2\repository\com\google\code\findbugs\jsr305\1.3.9\jsr305-1.3.9.jar;C:\Users\cchauhan\.m2\repository\org\checkerframework\checker-compat-qual\2.0.0\checker-compat-qual-2.0.0.jar;C:\Users\cchauhan\.m2\repository\com\google\errorprone\error_prone_annotations\2.1.3\error_prone_annotations-2.1.3.jar;C:\Users\cchauhan\.m2\repository\com\google\j2objc\j2objc-annotations\1.1\j2objc-annotations-1.1.jar;C:\Users\cchauhan\.m2\repository\org\codehaus\mojo\animal-sniffer-annotations\1.14\animal-sniffer-annotations-1.14.jar;C:\Users\cchauhan\.m2\repository\org\apache\httpcomponents\httpcore\4.4.6\httpcore-4.4.6.jar;C:\Users\cchauhan\.m2\repository\com\squareup\okhttp3\okhttp\3.9.1\okhttp-3.9.1.jar;C:\Users\cchauhan\.m2\repository\com\squareup\okio\okio\1.13.0\okio-1.13.0.jar;C:\Users\cchauhan\.m2\repository\org\testng\testng\6.14.3\testng-6.14.3.jar;C:\Users\cchauhan\.m2\repository\com\beust\jcommander\1.72\jcommander-1.72.jar;C:\Users\cchauhan\.m2\repository\org\apache-extras\beanshell\bsh\2.0b6\bsh-2.0b6.jar;C:\Users\cchauhan\.m2\repository\org\apache\poi\poi\4.1.2\poi-4.1.2.jar;C:\Users\cchauhan\.m2\repository\org\apache\commons\commons-collections4\4.4\commons-collections4-4.4.jar;C:\Users\cchauhan\.m2\repository\org\apache\commons\commons-math3\3.6.1\commons-math3-3.6.1.jar;C:\Users\cchauhan\.m2\repository\com\zaxxer\SparseBitSet\1.2\SparseBitSet-1.2.jar;C:\Users\cchauhan\.m2\repository\org\apache\poi\poi-ooxml\4.1.2\poi-ooxml-4.1.2.jar;C:\Users\cchauhan\.m2\repository\org\apache\poi\poi-ooxml-schemas\4.1.2\poi-ooxml-schemas-4.1.2.jar;C:\Users\cchauhan\.m2\repository\org\apache\xmlbeans\xmlbeans\3.1.0\xmlbeans-3.1.0.jar;C:\Users\cchauhan\.m2\repository\org\apache\commons\commons-compress\1.19\commons-compress-1.19.jar;C:\Users\cchauhan\.m2\repository\com\github\virtuald\curvesapi\1.06\curvesapi-1.06.jar;C:\Users\cchauhan\.m2\repository\log4j\log4j\1.2.17\log4j-1.2.17.jar;C:\Users\cchauhan\.m2\repository\commons-io\commons-io\2.6\commons-io-2.6.jar;C:\Users\cchauhan\.m2\repository\com\aventstack\extentreports\4.0.9\extentreports-4.0.9.jar;C:\Users\cchauhan\.m2\repository\org\freemarker\freemarker\2.3.23\freemarker-2.3.23.jar;C:\Users\cchauhan\.m2\repository\org\mongodb\mongodb-driver\3.3.0\mongodb-driver-3.3.0.jar;C:\Users\cchauhan\.m2\repository\org\mongodb\mongodb-driver-core\3.3.0\mongodb-driver-core-3.3.0.jar;C:\Users\cchauhan\.m2\repository\org\mongodb\bson\3.3.0\bson-3.3.0.jar;C:\Users\cchauhan\.m2\repository\org\apache\httpcomponents\httpmime\4.5.2\httpmime-4.5.2.jar;C:\Users\cchauhan\.m2\repository\org\apache\commons\commons-email\1.4\commons-email-1.4.jar;C:\Users\cchauhan\.m2\repository\com\sun\mail\javax.mail\1.5.2\javax.mail-1.5.2.jar;C:\Users\cchauhan\.m2\repository\javax\activation\activation\1.1.1\activation-1.1.1.jar;"/>
    <property name="sun.cpu.endian" value="little"/>
    <property name="user.home" value="C:\Users\cchauhan"/>
    <property name="user.language" value="en"/>
    <property name="java.specification.vendor" value="Oracle Corporation"/>
    <property name="java.home" value="C:\Program Files\Java\jdk1.8.0_261\jre"/>
    <property name="basedir" value="D:\Software\Selenium\Neon_work_space\MobileAutomation"/>
    <property name="file.separator" value="\"/>
    <property name="line.separator" value="&#10;"/>
    <property name="java.vm.specification.vendor" value="Oracle Corporation"/>
    <property name="java.specification.name" value="Java Platform API Specification"/>
    <property name="java.awt.graphicsenv" value="sun.awt.Win32GraphicsEnvironment"/>
    <property name="surefire.real.class.path" value="C:\Users\cchauhan\AppData\Local\Temp\surefire2772239600277313104\surefirebooter4751706291909115993.jar"/>
    <property name="sun.boot.class.path" value="C:\Program Files\Java\jdk1.8.0_261\jre\lib\resources.jar;C:\Program Files\Java\jdk1.8.0_261\jre\lib\rt.jar;C:\Program Files\Java\jdk1.8.0_261\jre\lib\sunrsasign.jar;C:\Program Files\Java\jdk1.8.0_261\jre\lib\jsse.jar;C:\Program Files\Java\jdk1.8.0_261\jre\lib\jce.jar;C:\Program Files\Java\jdk1.8.0_261\jre\lib\charsets.jar;C:\Program Files\Java\jdk1.8.0_261\jre\lib\jfr.jar;C:\Program Files\Java\jdk1.8.0_261\jre\classes"/>
    <property name="user.script" value=""/>
    <property name="sun.management.compiler" value="HotSpot 64-Bit Tiered Compilers"/>
    <property name="java.runtime.version" value="1.8.0_261-b12"/>
    <property name="user.name" value="cchauhan"/>
    <property name="path.separator" value=";"/>
    <property name="os.version" value="10.0"/>
    <property name="java.endorsed.dirs" value="C:\Program Files\Java\jdk1.8.0_261\jre\lib\endorsed"/>
    <property name="java.runtime.name" value="Java(TM) SE Runtime Environment"/>
    <property name="file.encoding" value="Cp1252"/>
    <property name="java.vm.name" value="Java HotSpot(TM) 64-Bit Server VM"/>
    <property name="localRepository" value="C:\Users\cchauhan\.m2\repository"/>
    <property name="java.vendor.url.bug" value="http://bugreport.sun.com/bugreport/"/>
    <property name="java.io.tmpdir" value="C:\Users\cchauhan\AppData\Local\Temp\"/>
    <property name="java.version" value="1.8.0_261"/>
    <property name="user.dir" value="D:\Software\Selenium\Neon_work_space\MobileAutomation"/>
    <property name="os.arch" value="amd64"/>
    <property name="java.vm.specification.name" value="Java Virtual Machine Specification"/>
    <property name="java.awt.printerjob" value="sun.awt.windows.WPrinterJob"/>
    <property name="sun.os.patch.level" value=""/>
    <property name="java.library.path" value="C:\Program Files\Java\jdk1.8.0_261\jre\bin;C:\WINDOWS\Sun\Java\bin;C:\WINDOWS\system32;C:\WINDOWS;C:/Program Files/Java/jre1.8.0_251/bin/server;C:/Program Files/Java/jre1.8.0_251/bin;C:/Program Files/Java/jre1.8.0_251/lib/amd64;C:\Program Files (x86)\Common Files\Oracle\Java\javapath;C:\Program Files (x86)\Intel\iCLS Client\;C:\Program Files\Intel\iCLS Client\;C:\Windows\system32;C:\Windows;C:\Windows\System32\Wbem;C:\Windows\System32\WindowsPowerShell\v1.0\;C:\Program Files (x86)\Intel\Intel(R) Management Engine Components\DAL;C:\Program Files\Intel\Intel(R) Management Engine Components\DAL;C:\Program Files (x86)\Intel\Intel(R) Management Engine Components\IPT;C:\Program Files\Intel\Intel(R) Management Engine Components\IPT;C:\Program Files (x86)\NVIDIA Corporation\PhysX\Common;C:\WINDOWS\system32;C:\WINDOWS;C:\WINDOWS\System32\Wbem;C:\WINDOWS\System32\WindowsPowerShell\v1.0\;C:\WINDOWS\System32\OpenSSH\;C:\Program Files (x86)\Git\cmd;D:\Software\Selenium\apache-maven-3.6.3\bin;C:\Program Files (x86)\nodejs\;C:\Users\cchauhan\AppData\Local\Android\Sdk\tools;C:\Users\cchauhan\AppData\Local\Android\Sdk\platform-tools;C:\Program Files\Java\jdk1.8.0_261\bin;C:\Users\cchauhan\AppData\Local\Microsoft\WindowsApps;C:\Program Files (x86)\Sophos\Sophos SSL VPN Client\bin;C:\Users\cchauhan\AppData\Roaming\npm;D:\Software\Selenium\eclipse;;."/>
    <property name="java.vm.info" value="mixed mode"/>
    <property name="java.vendor" value="Oracle Corporation"/>
    <property name="java.vm.version" value="25.261-b12"/>
    <property name="java.ext.dirs" value="C:\Program Files\Java\jdk1.8.0_261\jre\lib\ext;C:\WINDOWS\Sun\Java\lib\ext"/>
    <property name="sun.io.unicode.encoding" value="UnicodeLittle"/>
    <property name="java.class.version" value="52.0"/>
  </properties>
  <testcase name="g" classname="ExecuteTest.MavenTest" time="0.008"/>
</testsuite>