<?xml version="1.0" encoding="UTF-8"?>
<!-- Generated by org.testng.reporters.JUnitReportReporter -->
<testsuite skipped="0" hostname="LAPTOP-G9HHL1F8" name="ExecuteTest.MavenTest" tests="1" failures="0" timestamp="17 Jan 2021 18:34:44 GMT" time="0.008" errors="0">
  <testcase name="g" time="0.008" classname="ExecuteTest.MavenTest"/>
</testsuite> <!-- ExecuteTest.MavenTest -->
